<?xml version="1.0" encoding="UTF-8"?>
<!-- Generated by org.testng.reporters.JUnitXMLReporter -->
<testsuite ignored="3" hostname="SHARAN47" failures="1" tests="1" name="Test" time="13.903" errors="0" timestamp="2022-07-29T20:42:46 IST">
  <testcase classname="com.mystore.testcases.IndexPageTest" name="verifyTitle" time="0.036">
    <failure type="java.lang.AssertionError" message="expected [Store] but found [My Store]">
      <![CDATA[java.lang.AssertionError: expected [Store] but found [My Store]
at com.mystore.testcases.IndexPageTest.verifyTitle(IndexPageTest.java:38)
at java.base/java.util.ArrayList.forEach(ArrayList.java:1511)
... Removed 32 stack frames]]>
    </failure>
  </testcase> <!-- verifyTitle -->
  <testcase classname="com.mystore.testcases.SearcResultPageTest" name="searchProductAvailabilityTest" time="0.0">
    <ignored/>
  </testcase> <!-- searchProductAvailabilityTest -->
  <testcase classname="com.mystore.base.Baseclass" name="@AfterTest ExtendeReportFlush" time="0.0">
    <ignored/>
  </testcase> <!-- @AfterTest ExtendeReportFlush -->
  <testcase classname="com.mystore.base.Baseclass" name="@BeforeTest ExtendReportGenerate" time="0.0">
    <ignored/>
  </testcase> <!-- @BeforeTest ExtendReportGenerate -->
</testsuite> <!-- Test -->
