<?xml version="1.0" encoding="UTF-8"?>
<!-- Generated by org.testng.reporters.JUnitXMLReporter -->
<testsuite ignored="0" hostname="SHARAN47" failures="1" tests="2" name="ChromTest" time="53.284" errors="0" timestamp="2022-07-30T17:34:47 IST">
  <testcase classname="com.mystore.testcases.SearcResultPageTest" name="searchProductAvailabilityTest" time="12.011">
    <failure type="java.lang.AssertionError" message="expected [true] but found [false]">
      <![CDATA[java.lang.AssertionError: expected [true] but found [false]
at com.mystore.testcases.SearcResultPageTest.searchProductAvailabilityTest(SearcResultPageTest.java:20)
at java.base/java.util.ArrayList.forEach(ArrayList.java:1511)
at java.base/java.util.concurrent.FutureTask.run(FutureTask.java:264)
at java.base/java.util.concurrent.ThreadPoolExecutor.runWorker(ThreadPoolExecutor.java:1136)
at java.base/java.util.concurrent.ThreadPoolExecutor$Worker.run(ThreadPoolExecutor.java:635)
at java.base/java.lang.Thread.run(Thread.java:833)
... Removed 22 stack frames]]>
    </failure>
  </testcase> <!-- searchProductAvailabilityTest -->
  <testcase classname="com.mystore.testcases.SearcResultPageTest" name="searchProductAvailabilityTest" time="14.317"/>
</testsuite> <!-- ChromTest -->
